# JRE version: Java(TM) SE Runtime Environment (8.0_251-b08) (build 1.8.0_251-b08)
# Java VM: Java HotSpot(TM) 64-Bit Server VM (25.251-b08 mixed mode windows-amd64 compressed oops)
Heap:
 PSYoungGen      total 141824K, used 62068K [0x000000076b400000, 0x0000000774900000, 0x00000007c0000000)
  eden space 131072K, 39% used [0x000000076b400000,0x000000076e624ff0,0x0000000773400000)
  from space 10752K, 99% used [0x0000000773e80000,0x00000007748f8280,0x0000000774900000)
  to   space 10752K, 0% used [0x0000000773400000,0x0000000773400000,0x0000000773e80000)
 ParOldGen       total 175104K, used 34383K [0x00000006c1c00000, 0x00000006cc700000, 0x000000076b400000)
  object space 175104K, 19% used [0x00000006c1c00000,0x00000006c3d93e00,0x00000006cc700000)
 Metaspace       used 18492K, capacity 18827K, committed 19200K, reserved 1067008K
  class space    used 1853K, capacity 1969K, committed 2048K, reserved 1048576K
GC Heap History (8 events):
Event: 3.063 GC heap before
{Heap before GC invocations=1 (full 0):
 PSYoungGen      total 76288K, used 65536K [0x000000076b400000, 0x0000000770900000, 0x00000007c0000000)
  eden space 65536K, 100% used [0x000000076b400000,0x000000076f400000,0x000000076f400000)
  from space 10752K, 0% used [0x000000076fe80000,0x000000076fe80000,0x0000000770900000)
  to   space 10752K, 0% used [0x000000076f400000,0x000000076f400000,0x000000076fe80000)
 ParOldGen       total 175104K, used 0K [0x00000006c1c00000, 0x00000006cc700000, 0x000000076b400000)
  object space 175104K, 0% used [0x00000006c1c00000,0x00000006c1c00000,0x00000006cc700000)
 Metaspace       used 17071K, capacity 17389K, committed 17536K, reserved 1064960K
  class space    used 1763K, capacity 1862K, committed 1920K, reserved 1048576K
Event: 3.073 GC heap after
Heap after GC invocations=1 (full 0):
 PSYoungGen      total 76288K, used 10736K [0x000000076b400000, 0x0000000770900000, 0x00000007c0000000)
  eden space 65536K, 0% used [0x000000076b400000,0x000000076b400000,0x000000076f400000)
  from space 10752K, 99% used [0x000000076f400000,0x000000076fe7c260,0x000000076fe80000)
  to   space 10752K, 0% used [0x000000076fe80000,0x000000076fe80000,0x0000000770900000)
 ParOldGen       total 175104K, used 21732K [0x00000006c1c00000, 0x00000006cc700000, 0x000000076b400000)
  object space 175104K, 12% used [0x00000006c1c00000,0x00000006c3139378,0x00000006cc700000)
 Metaspace       used 17071K, capacity 17389K, committed 17536K, reserved 1064960K
  class space    used 1763K, capacity 1862K, committed 1920K, reserved 1048576K
}
Event: 3.213 GC heap before
{Heap before GC invocations=2 (full 0):
 PSYoungGen      total 76288K, used 74700K [0x000000076b400000, 0x0000000770900000, 0x00000007c0000000)
  eden space 65536K, 97% used [0x000000076b400000,0x000000076f277070,0x000000076f400000)
  from space 10752K, 99% used [0x000000076f400000,0x000000076fe7c260,0x000000076fe80000)
  to   space 10752K, 0% used [0x000000076fe80000,0x000000076fe80000,0x0000000770900000)
 ParOldGen       total 175104K, used 21732K [0x00000006c1c00000, 0x00000006cc700000, 0x000000076b400000)
  object space 175104K, 12% used [0x00000006c1c00000,0x00000006c3139378,0x00000006cc700000)
 Metaspace       used 17089K, capacity 17389K, committed 17536K, reserved 1064960K
  class space    used 1763K, capacity 1862K, committed 1920K, reserved 1048576K
Event: 3.219 GC heap after
Heap after GC invocations=2 (full 0):
 PSYoungGen      total 76288K, used 6551K [0x000000076b400000, 0x0000000774900000, 0x00000007c0000000)
  eden space 65536K, 0% used [0x000000076b400000,0x000000076b400000,0x000000076f400000)
  from space 10752K, 60% used [0x000000076fe80000,0x00000007704e5f10,0x0000000770900000)
  to   space 10752K, 0% used [0x000000076f400000,0x000000076f400000,0x000000076fe80000)
 ParOldGen       total 175104K, used 30142K [0x00000006c1c00000, 0x00000006cc700000, 0x000000076b400000)
  object space 175104K, 17% used [0x00000006c1c00000,0x00000006c396fa78,0x00000006cc700000)
 Metaspace       used 17089K, capacity 17389K, committed 17536K, reserved 1064960K
  class space    used 1763K, capacity 1862K, committed 1920K, reserved 1048576K
}
Event: 3.364 GC heap before
{Heap before GC invocations=3 (full 0):
 PSYoungGen      total 76288K, used 69390K [0x000000076b400000, 0x0000000774900000, 0x00000007c0000000)
  eden space 65536K, 95% used [0x000000076b400000,0x000000076f15d930,0x000000076f400000)
  from space 10752K, 60% used [0x000000076fe80000,0x00000007704e5f10,0x0000000770900000)
  to   space 10752K, 0% used [0x000000076f400000,0x000000076f400000,0x000000076fe80000)
 ParOldGen       total 175104K, used 30142K [0x00000006c1c00000, 0x00000006cc700000, 0x000000076b400000)
  object space 175104K, 17% used [0x00000006c1c00000,0x00000006c396fa78,0x00000006cc700000)
 Metaspace       used 17096K, capacity 17389K, committed 17536K, reserved 1064960K
  class space    used 1764K, capacity 1862K, committed 1920K, reserved 1048576K
Event: 3.366 GC heap after
Heap after GC invocations=3 (full 0):
 PSYoungGen      total 76288K, used 2382K [0x000000076b400000, 0x0000000774900000, 0x00000007c0000000)
  eden space 65536K, 0% used [0x000000076b400000,0x000000076b400000,0x000000076f400000)
  from space 10752K, 22% used [0x000000076f400000,0x000000076f653b70,0x000000076fe80000)
  to   space 10752K, 0% used [0x0000000773e80000,0x0000000773e80000,0x0000000774900000)
 ParOldGen       total 175104K, used 30150K [0x00000006c1c00000, 0x00000006cc700000, 0x000000076b400000)
  object space 175104K, 17% used [0x00000006c1c00000,0x00000006c3971a78,0x00000006cc700000)
 Metaspace       used 17096K, capacity 17389K, committed 17536K, reserved 1064960K
  class space    used 1764K, capacity 1862K, committed 1920K, reserved 1048576K
}
Event: 3.513 GC heap before
{Heap before GC invocations=4 (full 0):
 PSYoungGen      total 76288K, used 67918K [0x000000076b400000, 0x0000000774900000, 0x00000007c0000000)
  eden space 65536K, 100% used [0x000000076b400000,0x000000076f400000,0x000000076f400000)
  from space 10752K, 22% used [0x000000076f400000,0x000000076f653b70,0x000000076fe80000)
  to   space 10752K, 0% used [0x0000000773e80000,0x0000000773e80000,0x0000000774900000)
 ParOldGen       total 175104K, used 30150K [0x00000006c1c00000, 0x00000006cc700000, 0x000000076b400000)
  object space 175104K, 17% used [0x00000006c1c00000,0x00000006c3971a78,0x00000006cc700000)
 Metaspace       used 17097K, capacity 17389K, committed 17536K, reserved 1064960K
  class space    used 1764K, capacity 1862K, committed 1920K, reserved 1048576K
Event: 3.518 GC heap after
Heap after GC invocations=4 (full 0):
 PSYoungGen      total 141824K, used 10720K [0x000000076b400000, 0x0000000774900000, 0x00000007c0000000)
  eden space 131072K, 0% used [0x000000076b400000,0x000000076b400000,0x0000000773400000)
  from space 10752K, 99% used [0x0000000773e80000,0x00000007748f8280,0x0000000774900000)
  to   space 10752K, 0% used [0x0000000773400000,0x0000000773400000,0x0000000773e80000)
 ParOldGen       total 175104K, used 34383K [0x00000006c1c00000, 0x00000006cc700000, 0x000000076b400000)
  object space 175104K, 19% used [0x00000006c1c00000,0x00000006c3d93e00,0x00000006cc700000)
 Metaspace       used 17097K, capacity 17389K, committed 17536K, reserved 1064960K
  class space    used 1764K, capacity 1862K, committed 1920K, reserved 1048576K
}

